2024-01-02 09:22:00,432 - INFO - [31m[1mWARNING: This is a development server. Do not use it in a production deployment. Use a production WSGI server instead.[0m
 * Running on http://127.0.0.1:5000
2024-01-02 09:22:00,433 - INFO - [33mPress CTRL+C to quit[0m
2024-01-02 09:22:00,438 - INFO -  * Restarting with stat
2024-01-02 09:22:04,510 - WARNING -  * Debugger is active!
2024-01-02 09:22:04,518 - INFO -  * Debugger PIN: 138-766-391
2024-01-02 09:22:15,492 - INFO - Reached the home function
2024-01-02 09:22:15,655 - INFO - After processing POST request
2024-01-02 09:22:15,671 - INFO - 127.0.0.1 - - [02/Jan/2024 09:22:15] "GET / HTTP/1.1" 200 -
2024-01-02 09:22:15,780 - INFO - 127.0.0.1 - - [02/Jan/2024 09:22:15] "[36mGET /static/style.css HTTP/1.1[0m" 304 -
2024-01-02 09:22:37,063 - INFO - Reached the home function
2024-01-02 09:22:37,218 - INFO - Selected Method: knn
2024-01-02 09:22:37,220 - INFO - Input Features: [[80, 0, 1, 105.92, 32.5]]
2024-01-02 09:22:37,255 - INFO - 127.0.0.1 - - [02/Jan/2024 09:22:37] "[35m[1mPOST / HTTP/1.1[0m" 500 -
2024-01-02 09:22:37,294 - INFO - 127.0.0.1 - - [02/Jan/2024 09:22:37] "[36mGET /?__debugger__=yes&cmd=resource&f=style.css HTTP/1.1[0m" 304 -
2024-01-02 09:22:37,298 - INFO - 127.0.0.1 - - [02/Jan/2024 09:22:37] "[36mGET /?__debugger__=yes&cmd=resource&f=debugger.js HTTP/1.1[0m" 304 -
2024-01-02 09:22:37,342 - INFO - 127.0.0.1 - - [02/Jan/2024 09:22:37] "[36mGET /?__debugger__=yes&cmd=resource&f=console.png HTTP/1.1[0m" 304 -
2024-01-02 09:22:37,431 - INFO - 127.0.0.1 - - [02/Jan/2024 09:22:37] "[36mGET /?__debugger__=yes&cmd=resource&f=console.png HTTP/1.1[0m" 304 -
2024-01-02 09:22:59,591 - INFO -  * Detected change in 'C:\\Users\\USER\\myflask\\Stroke\\model.py', reloading
2024-01-02 09:23:00,319 - INFO -  * Restarting with stat
2024-01-02 09:23:05,457 - WARNING -  * Debugger is active!
2024-01-02 09:23:05,466 - INFO -  * Debugger PIN: 138-766-391
2024-01-02 09:23:06,048 - INFO - Reached the home function
2024-01-02 09:23:06,315 - INFO - Selected Method: knn
2024-01-02 09:23:06,317 - INFO - Input Features: [[80, 0, 1, 105.92, 32.5]]
2024-01-02 09:23:06,341 - INFO - After Imputation and Scaling for KNN:
2024-01-02 09:23:06,343 - INFO - [[-0.14315015 -0.32501835 -0.23607657  0.84850777  0.11848874]
 [-1.16203858 -0.32501835 -0.23607657  0.1353652  -0.02449263]
 [-0.63044462 -0.32501835 -0.23607657  0.27644581 -0.31045536]
 [ 0.34414431 -0.32501835  4.23591381 -0.22220117  0.18348027]
 [ 0.43274331 -0.32501835 -0.23607657  0.16123735  0.80739896]]
2024-01-02 09:23:06,409 - INFO - Predicted Result: Tidak Terkena Stroke
2024-01-02 09:23:06,411 - INFO - Before rendering template
2024-01-02 09:23:06,431 - INFO - 127.0.0.1 - - [02/Jan/2024 09:23:06] "POST / HTTP/1.1" 200 -
2024-01-02 09:23:06,652 - INFO - 127.0.0.1 - - [02/Jan/2024 09:23:06] "[36mGET /static/style.css HTTP/1.1[0m" 304 -
2024-01-02 09:23:46,041 - INFO - Reached the home function
2024-01-02 09:23:46,143 - INFO - Selected Method: knn
2024-01-02 09:23:46,144 - INFO - Input Features: [[80, 0, 1, 105.92, 32.5]]
2024-01-02 09:23:46,155 - INFO - After Imputation and Scaling for KNN:
2024-01-02 09:23:46,157 - INFO - [[-0.14315015 -0.32501835 -0.23607657  0.84850777  0.11848874]
 [-1.16203858 -0.32501835 -0.23607657  0.1353652  -0.02449263]
 [-0.63044462 -0.32501835 -0.23607657  0.27644581 -0.31045536]
 [ 0.34414431 -0.32501835  4.23591381 -0.22220117  0.18348027]
 [ 0.43274331 -0.32501835 -0.23607657  0.16123735  0.80739896]]
2024-01-02 09:23:46,189 - INFO - Predicted Result: Tidak Terkena Stroke
2024-01-02 09:23:46,191 - INFO - Before rendering template
2024-01-02 09:23:46,194 - INFO - 127.0.0.1 - - [02/Jan/2024 09:23:46] "POST / HTTP/1.1" 200 -
2024-01-02 09:23:46,234 - INFO - 127.0.0.1 - - [02/Jan/2024 09:23:46] "[36mGET /static/style.css HTTP/1.1[0m" 304 -
2024-01-02 09:27:43,829 - INFO -  * Detected change in 'C:\\Users\\USER\\myflask\\Stroke\\model.py', reloading
2024-01-02 09:27:44,392 - INFO -  * Restarting with stat
2024-01-02 09:27:50,716 - WARNING -  * Debugger is active!
2024-01-02 09:27:50,722 - INFO -  * Debugger PIN: 138-766-391
2024-01-02 09:27:51,264 - INFO - Reached the home function
2024-01-02 09:27:51,373 - INFO - Selected Method: knn
2024-01-02 09:27:51,374 - INFO - Input Features: [[80, 0, 1, 105.92, 32.5]]
2024-01-02 09:27:51,389 - INFO - After Imputation and Scaling for KNN:
2024-01-02 09:27:51,391 - INFO - [[-0.14315015 -0.32501835 -0.23607657  0.84850777  0.11848874]
 [-1.16203858 -0.32501835 -0.23607657  0.1353652  -0.02449263]
 [-0.63044462 -0.32501835 -0.23607657  0.27644581 -0.31045536]
 [ 0.34414431 -0.32501835  4.23591381 -0.22220117  0.18348027]
 [ 0.43274331 -0.32501835 -0.23607657  0.16123735  0.80739896]]
2024-01-02 09:27:51,504 - INFO - KNN Accuracy: 0.9296875
2024-01-02 09:27:51,525 - INFO - Predicted Result: Tidak Terkena Stroke
2024-01-02 09:27:51,526 - INFO - Before rendering template
2024-01-02 09:27:51,541 - INFO - 127.0.0.1 - - [02/Jan/2024 09:27:51] "POST / HTTP/1.1" 200 -
2024-01-02 09:27:51,651 - INFO - 127.0.0.1 - - [02/Jan/2024 09:27:51] "[36mGET /static/style.css HTTP/1.1[0m" 304 -
2024-01-02 09:28:49,891 - INFO - Reached the home function
2024-01-02 09:28:50,055 - INFO - Selected Method: knn
2024-01-02 09:28:50,056 - INFO - Input Features: [[78, 0, 0, 58.57, 24.2]]
2024-01-02 09:28:50,074 - INFO - After Imputation and Scaling for KNN:
2024-01-02 09:28:50,075 - INFO - [[-0.14315015 -0.32501835 -0.23607657  0.84850777  0.11848874]
 [-1.16203858 -0.32501835 -0.23607657  0.1353652  -0.02449263]
 [-0.63044462 -0.32501835 -0.23607657  0.27644581 -0.31045536]
 [ 0.34414431 -0.32501835  4.23591381 -0.22220117  0.18348027]
 [ 0.43274331 -0.32501835 -0.23607657  0.16123735  0.80739896]]
2024-01-02 09:28:50,117 - INFO - KNN Accuracy: 0.9296875
2024-01-02 09:28:50,145 - INFO - Predicted Result: Tidak Terkena Stroke
2024-01-02 09:28:50,146 - INFO - Before rendering template
2024-01-02 09:28:50,148 - INFO - 127.0.0.1 - - [02/Jan/2024 09:28:50] "POST / HTTP/1.1" 200 -
2024-01-02 09:28:50,196 - INFO - 127.0.0.1 - - [02/Jan/2024 09:28:50] "[36mGET /static/style.css HTTP/1.1[0m" 304 -
2024-01-02 09:35:47,484 - INFO -  * Detected change in 'C:\\Users\\USER\\myflask\\Stroke\\model.py', reloading
2024-01-02 09:35:48,940 - INFO -  * Restarting with stat
2024-01-02 09:35:53,328 - WARNING -  * Debugger is active!
2024-01-02 09:35:53,334 - INFO -  * Debugger PIN: 138-766-391
2024-01-02 09:37:31,812 - INFO - Reached the home function
2024-01-02 09:37:32,050 - INFO - Selected Method: knn
2024-01-02 09:37:32,052 - INFO - Input Features: [[50, 0, 0, 58.7, 38.9]]
2024-01-02 09:37:32,072 - INFO - After Imputation and Scaling for KNN:
2024-01-02 09:37:32,074 - INFO - [[-0.14315015 -0.32501835 -0.23607657  0.84850777  0.11848874]
 [-1.16203858 -0.32501835 -0.23607657  0.1353652  -0.02449263]
 [-0.63044462 -0.32501835 -0.23607657  0.27644581 -0.31045536]
 [ 0.34414431 -0.32501835  4.23591381 -0.22220117  0.18348027]
 [ 0.43274331 -0.32501835 -0.23607657  0.16123735  0.80739896]]
2024-01-02 09:37:32,135 - INFO - KNN Accuracy: 0.9296875
2024-01-02 09:37:32,174 - INFO - Predicted Result: Tidak Terkena Stroke
2024-01-02 09:37:32,187 - INFO - Before rendering template
2024-01-02 09:37:32,205 - INFO - 127.0.0.1 - - [02/Jan/2024 09:37:32] "POST / HTTP/1.1" 200 -
2024-01-02 09:37:32,324 - INFO - 127.0.0.1 - - [02/Jan/2024 09:37:32] "[36mGET /static/style.css HTTP/1.1[0m" 304 -
2024-01-02 09:41:59,464 - INFO -  * Detected change in 'C:\\Users\\USER\\myflask\\Stroke\\model.py', reloading
2024-01-02 09:42:00,190 - INFO -  * Restarting with stat
2024-01-02 09:42:04,717 - WARNING -  * Debugger is active!
2024-01-02 09:42:04,737 - INFO -  * Debugger PIN: 138-766-391
2024-01-02 09:42:11,692 - INFO - Reached the home function
2024-01-02 09:42:11,804 - INFO - Selected Method: knn
2024-01-02 09:42:11,805 - INFO - Input Features: [[50, 0, 0, 58.7, 38.9]]
2024-01-02 09:42:11,823 - INFO - After Imputation and Scaling for KNN:
2024-01-02 09:42:11,824 - INFO - [[-0.14315015 -0.32501835 -0.23607657  0.84850777  0.11848874]
 [-1.16203858 -0.32501835 -0.23607657  0.1353652  -0.02449263]
 [-0.63044462 -0.32501835 -0.23607657  0.27644581 -0.31045536]
 [ 0.34414431 -0.32501835  4.23591381 -0.22220117  0.18348027]
 [ 0.43274331 -0.32501835 -0.23607657  0.16123735  0.80739896]]
2024-01-02 09:42:11,876 - INFO - KNN Accuracy: 0.9296875
2024-01-02 09:42:11,898 - INFO - Predicted Result: Tidak Terkena Stroke
2024-01-02 09:42:11,899 - INFO - Before rendering template
2024-01-02 09:42:11,948 - INFO - 127.0.0.1 - - [02/Jan/2024 09:42:11] "POST / HTTP/1.1" 200 -
2024-01-02 09:42:12,062 - INFO - 127.0.0.1 - - [02/Jan/2024 09:42:12] "[36mGET /static/style.css HTTP/1.1[0m" 304 -
2024-01-02 09:43:02,527 - INFO - Reached the home function
2024-01-02 09:43:02,694 - INFO - Selected Method: knn
2024-01-02 09:43:02,696 - INFO - Input Features: [[50, 1, 0, 167.41, 30.9]]
2024-01-02 09:43:02,720 - INFO - After Imputation and Scaling for KNN:
2024-01-02 09:43:02,721 - INFO - [[-0.14315015 -0.32501835 -0.23607657  0.84850777  0.11848874]
 [-1.16203858 -0.32501835 -0.23607657  0.1353652  -0.02449263]
 [-0.63044462 -0.32501835 -0.23607657  0.27644581 -0.31045536]
 [ 0.34414431 -0.32501835  4.23591381 -0.22220117  0.18348027]
 [ 0.43274331 -0.32501835 -0.23607657  0.16123735  0.80739896]]
2024-01-02 09:43:02,756 - INFO - KNN Accuracy: 0.9296875
2024-01-02 09:43:02,788 - INFO - Predicted Result: Tidak Terkena Stroke
2024-01-02 09:43:02,789 - INFO - Before rendering template
2024-01-02 09:43:02,791 - INFO - 127.0.0.1 - - [02/Jan/2024 09:43:02] "POST / HTTP/1.1" 200 -
2024-01-02 09:43:02,836 - INFO - 127.0.0.1 - - [02/Jan/2024 09:43:02] "[36mGET /static/style.css HTTP/1.1[0m" 304 -
2024-01-02 09:43:49,992 - INFO - Reached the home function
2024-01-02 09:43:50,091 - INFO - Selected Method: knn
2024-01-02 09:43:50,092 - INFO - Input Features: [[50, 1, 0, 167.41, 30.9]]
2024-01-02 09:43:50,102 - INFO - After Imputation and Scaling for KNN:
2024-01-02 09:43:50,104 - INFO - [[-0.14315015 -0.32501835 -0.23607657  0.84850777  0.11848874]
 [-1.16203858 -0.32501835 -0.23607657  0.1353652  -0.02449263]
 [-0.63044462 -0.32501835 -0.23607657  0.27644581 -0.31045536]
 [ 0.34414431 -0.32501835  4.23591381 -0.22220117  0.18348027]
 [ 0.43274331 -0.32501835 -0.23607657  0.16123735  0.80739896]]
2024-01-02 09:43:50,134 - INFO - KNN Accuracy: 0.9296875
2024-01-02 09:43:50,152 - INFO - Predicted Result: Tidak Terkena Stroke
2024-01-02 09:43:50,152 - INFO - Before rendering template
2024-01-02 09:43:50,155 - INFO - 127.0.0.1 - - [02/Jan/2024 09:43:50] "POST / HTTP/1.1" 200 -
2024-01-02 09:43:50,223 - INFO - 127.0.0.1 - - [02/Jan/2024 09:43:50] "[36mGET /static/style.css HTTP/1.1[0m" 304 -
2024-01-02 09:44:17,590 - INFO - Reached the home function
2024-01-02 09:44:17,672 - INFO - Selected Method: knn
2024-01-02 09:44:17,675 - INFO - Input Features: [[67, 0, 1, 228.69, 36.6]]
2024-01-02 09:44:17,684 - INFO - After Imputation and Scaling for KNN:
2024-01-02 09:44:17,685 - INFO - [[-0.14315015 -0.32501835 -0.23607657  0.84850777  0.11848874]
 [-1.16203858 -0.32501835 -0.23607657  0.1353652  -0.02449263]
 [-0.63044462 -0.32501835 -0.23607657  0.27644581 -0.31045536]
 [ 0.34414431 -0.32501835  4.23591381 -0.22220117  0.18348027]
 [ 0.43274331 -0.32501835 -0.23607657  0.16123735  0.80739896]]
2024-01-02 09:44:17,717 - INFO - KNN Accuracy: 0.9296875
2024-01-02 09:44:17,739 - INFO - Predicted Result: Tidak Terkena Stroke
2024-01-02 09:44:17,740 - INFO - Before rendering template
2024-01-02 09:44:17,742 - INFO - 127.0.0.1 - - [02/Jan/2024 09:44:17] "POST / HTTP/1.1" 200 -
2024-01-02 09:44:17,810 - INFO - 127.0.0.1 - - [02/Jan/2024 09:44:17] "[36mGET /static/style.css HTTP/1.1[0m" 304 -
2024-01-02 09:48:12,104 - INFO -  * Detected change in 'C:\\Users\\USER\\myflask\\Stroke\\model.py', reloading
2024-01-02 09:48:13,970 - INFO -  * Restarting with stat
2024-01-02 09:48:19,767 - WARNING -  * Debugger is active!
2024-01-02 09:48:19,772 - INFO -  * Debugger PIN: 138-766-391
2024-01-02 09:48:41,414 - INFO -  * Detected change in 'C:\\Users\\USER\\myflask\\Stroke\\app.py', reloading
2024-01-02 09:48:41,812 - INFO -  * Restarting with stat
2024-01-02 09:48:48,896 - WARNING -  * Debugger is active!
2024-01-02 09:48:48,903 - INFO -  * Debugger PIN: 138-766-391
2024-01-02 09:48:57,877 - INFO - Reached the home function
2024-01-02 09:48:57,976 - INFO - Selected Method: knn
2024-01-02 09:48:57,977 - INFO - Input Features: [[67, 0, 1, 228.69, 36.6]]
2024-01-02 09:48:57,991 - INFO - After Imputation and Scaling for KNN:
2024-01-02 09:48:57,994 - INFO - [[-0.14315015 -0.32501835 -0.23607657  0.84850777  0.11848874]
 [-1.16203858 -0.32501835 -0.23607657  0.1353652  -0.02449263]
 [-0.63044462 -0.32501835 -0.23607657  0.27644581 -0.31045536]
 [ 0.34414431 -0.32501835  4.23591381 -0.22220117  0.18348027]
 [ 0.43274331 -0.32501835 -0.23607657  0.16123735  0.80739896]]
2024-01-02 09:48:58,016 - INFO - KNN Predicted Result: 0
2024-01-02 09:48:58,018 - INFO - Before rendering template
2024-01-02 09:48:58,036 - INFO - 127.0.0.1 - - [02/Jan/2024 09:48:58] "POST / HTTP/1.1" 200 -
2024-01-02 09:48:58,182 - INFO - 127.0.0.1 - - [02/Jan/2024 09:48:58] "[36mGET /static/style.css HTTP/1.1[0m" 304 -
2024-01-02 09:49:09,252 - INFO - Reached the home function
2024-01-02 09:49:09,357 - INFO - Selected Method: knn
2024-01-02 09:49:09,358 - INFO - Input Features: [[67, 0, 1, 228.69, 36.6]]
2024-01-02 09:49:09,371 - INFO - After Imputation and Scaling for KNN:
2024-01-02 09:49:09,371 - INFO - [[-0.14315015 -0.32501835 -0.23607657  0.84850777  0.11848874]
 [-1.16203858 -0.32501835 -0.23607657  0.1353652  -0.02449263]
 [-0.63044462 -0.32501835 -0.23607657  0.27644581 -0.31045536]
 [ 0.34414431 -0.32501835  4.23591381 -0.22220117  0.18348027]
 [ 0.43274331 -0.32501835 -0.23607657  0.16123735  0.80739896]]
2024-01-02 09:49:09,390 - INFO - KNN Predicted Result: 0
2024-01-02 09:49:09,391 - INFO - Before rendering template
2024-01-02 09:49:09,393 - INFO - 127.0.0.1 - - [02/Jan/2024 09:49:09] "POST / HTTP/1.1" 200 -
2024-01-02 09:49:09,430 - INFO - 127.0.0.1 - - [02/Jan/2024 09:49:09] "[36mGET /static/style.css HTTP/1.1[0m" 304 -
2024-01-02 09:58:26,976 - INFO -  * Detected change in 'C:\\Users\\USER\\myflask\\Stroke\\model.py', reloading
2024-01-02 09:58:28,475 - INFO -  * Restarting with stat
2024-01-02 09:58:34,860 - WARNING -  * Debugger is active!
2024-01-02 09:58:34,865 - INFO -  * Debugger PIN: 138-766-391
2024-01-02 09:58:35,160 - INFO - Reached the home function
2024-01-02 09:58:35,297 - INFO - Selected Method: knn
2024-01-02 09:58:35,298 - INFO - Input Features: [[67, 0, 1, 228.69, 36.6]]
2024-01-02 09:58:35,309 - INFO - KNN Predicted Result: 0
2024-01-02 09:58:35,310 - INFO - Before rendering template
2024-01-02 09:58:35,327 - INFO - 127.0.0.1 - - [02/Jan/2024 09:58:35] "POST / HTTP/1.1" 200 -
2024-01-02 09:58:35,471 - INFO - 127.0.0.1 - - [02/Jan/2024 09:58:35] "[36mGET /static/style.css HTTP/1.1[0m" 304 -
2024-01-02 09:59:04,489 - INFO -  * Detected change in 'C:\\Users\\USER\\myflask\\Stroke\\model.py', reloading
2024-01-02 09:59:04,996 - INFO -  * Restarting with stat
2024-01-02 09:59:11,916 - WARNING -  * Debugger is active!
2024-01-02 09:59:11,921 - INFO -  * Debugger PIN: 138-766-391
2024-01-02 09:59:12,171 - INFO - Reached the home function
2024-01-02 09:59:12,309 - INFO - Selected Method: knn
2024-01-02 09:59:12,310 - INFO - Input Features: [[67, 0, 1, 228.69, 36.6]]
2024-01-02 09:59:12,321 - INFO - KNN Predicted Result: 0
2024-01-02 09:59:12,321 - INFO - Before rendering template
2024-01-02 09:59:12,339 - INFO - 127.0.0.1 - - [02/Jan/2024 09:59:12] "POST / HTTP/1.1" 200 -
2024-01-02 09:59:12,465 - INFO - 127.0.0.1 - - [02/Jan/2024 09:59:12] "[36mGET /static/style.css HTTP/1.1[0m" 304 -
2024-01-02 09:59:27,789 - INFO - Reached the home function
2024-01-02 09:59:27,907 - INFO - Selected Method: knn
2024-01-02 09:59:27,909 - INFO - Input Features: [[67, 0, 1, 228.69, 36.6]]
2024-01-02 09:59:27,921 - INFO - KNN Predicted Result: 0
2024-01-02 09:59:27,923 - INFO - Before rendering template
2024-01-02 09:59:27,927 - INFO - 127.0.0.1 - - [02/Jan/2024 09:59:27] "POST / HTTP/1.1" 200 -
2024-01-02 09:59:27,965 - INFO - 127.0.0.1 - - [02/Jan/2024 09:59:27] "[36mGET /static/style.css HTTP/1.1[0m" 304 -
2024-01-02 10:03:59,904 - INFO -  * Detected change in 'C:\\Users\\USER\\myflask\\Stroke\\app.py', reloading
2024-01-02 10:04:00,468 - INFO -  * Restarting with stat
2024-01-02 10:06:43,526 - INFO -  * Restarting with stat
